<?xml version="1.0" encoding="UTF-8"?>
<testng-results skipped="0" failed="0" ignored="0" total="1" passed="1">
  <reporter-output>
    <line>
      <![CDATA[Below are the departure flight details from Pune to Hyderabad]]>
    </line>
  </reporter-output>
  <suite name="Suite" duration-ms="18176" started-at="2020-10-28T12:03:43 IST" finished-at="2020-10-28T12:04:01 IST">
    <groups>
    </groups>
    <test name="Flight Booking Test" duration-ms="18176" started-at="2020-10-28T12:03:43 IST" finished-at="2020-10-28T12:04:01 IST">
      <class name="com.koch.testcases.TestRunner">
        <test-method status="PASS" signature="setUp()[pri:0, instance:com.koch.testcases.TestRunner@2b552920]" name="setUp" is-config="true" duration-ms="12" started-at="2020-10-28T12:03:43 IST" finished-at="2020-10-28T12:03:43 IST">
          <reporter-output>
          </reporter-output>
        </test-method> <!-- setUp -->
        <test-method status="PASS" signature="launchApplication()[pri:0, instance:com.koch.testcases.TestRunner@2b552920]" name="launchApplication" is-config="true" duration-ms="7119" started-at="2020-10-28T12:03:43 IST" finished-at="2020-10-28T12:03:50 IST">
          <reporter-output>
          </reporter-output>
        </test-method> <!-- launchApplication -->
        <test-method status="PASS" signature="getDepartureAirlineDetailsWithFareLessthan5000()[pri:0, instance:com.koch.testcases.TestRunner@2b552920]" name="getDepartureAirlineDetailsWithFareLessthan5000" duration-ms="10887" started-at="2020-10-28T12:03:50 IST" finished-at="2020-10-28T12:04:01 IST">
          <reporter-output>
            <line>
              <![CDATA[Below are the departure flight details from Pune to Hyderabad]]>
            </line>
          </reporter-output>
        </test-method> <!-- getDepartureAirlineDetailsWithFareLessthan5000 -->
        <test-method status="PASS" signature="closeBrowser()[pri:0, instance:com.koch.testcases.TestRunner@2b552920]" name="closeBrowser" is-config="true" duration-ms="133" started-at="2020-10-28T12:04:01 IST" finished-at="2020-10-28T12:04:01 IST">
          <reporter-output>
          </reporter-output>
        </test-method> <!-- closeBrowser -->
      </class> <!-- com.koch.testcases.TestRunner -->
    </test> <!-- Flight Booking Test -->
  </suite> <!-- Suite -->
</testng-results>
